\BOOKMARK [0][-]{chapter.1}{Pendahuluan}{}% 1
\BOOKMARK [1][-]{section.1.1}{Latar Belakang}{chapter.1}% 2
\BOOKMARK [1][-]{section.1.2}{Rumusan Masalah}{chapter.1}% 3
\BOOKMARK [1][-]{section.1.3}{Batasan Masalah}{chapter.1}% 4
\BOOKMARK [1][-]{section.1.4}{Tujuan}{chapter.1}% 5
\BOOKMARK [1][-]{section.1.5}{Manfaat}{chapter.1}% 6
\BOOKMARK [1][-]{section.1.6}{Sistematika Penulisan}{chapter.1}% 7
\BOOKMARK [0][-]{chapter.2}{Tinjauan Pustaka dan Landasan Teori}{}% 8
\BOOKMARK [1][-]{section.2.1}{Tinjauan Pustaka}{chapter.2}% 9
\BOOKMARK [1][-]{section.2.2}{Landasan Teori}{chapter.2}% 10
\BOOKMARK [2][-]{subsection.2.2.1}{Protocol Data Unit}{section.2.2}% 11
\BOOKMARK [2][-]{subsection.2.2.2}{IDS}{section.2.2}% 12
\BOOKMARK [2][-]{subsection.2.2.3}{Snort IDS}{section.2.2}% 13
\BOOKMARK [2][-]{subsection.2.2.4}{Deep Learning}{section.2.2}% 14
\BOOKMARK [2][-]{subsection.2.2.5}{Jaringan Syaraf Tiruan}{section.2.2}% 15
\BOOKMARK [2][-]{subsection.2.2.6}{Botnet}{section.2.2}% 16
\BOOKMARK [2][-]{subsection.2.2.7}{CNN}{section.2.2}% 17
\BOOKMARK [2][-]{subsection.2.2.8}{LSTM}{section.2.2}% 18
\BOOKMARK [2][-]{subsection.2.2.9}{Python}{section.2.2}% 19
\BOOKMARK [2][-]{subsection.2.2.10}{Flask}{section.2.2}% 20
\BOOKMARK [2][-]{subsection.2.2.11}{Keras}{section.2.2}% 21
\BOOKMARK [0][-]{chapter.3}{Metode Penelitian}{}% 22
\BOOKMARK [1][-]{section.3.1}{Metode Penelitian}{chapter.3}% 23
\BOOKMARK [1][-]{section.3.2}{Waktu dan Tempat Pelaksanaan}{chapter.3}% 24
\BOOKMARK [2][-]{subsection.3.2.1}{Waktu Pelaksanaan}{section.3.2}% 25
\BOOKMARK [2][-]{subsection.3.2.2}{Tempat Pelaksanaan}{section.3.2}% 26
\BOOKMARK [1][-]{section.3.3}{Populasi dan Sampel}{chapter.3}% 27
\BOOKMARK [2][-]{subsection.3.3.1}{Populasi Penelitian}{section.3.3}% 28
\BOOKMARK [2][-]{subsection.3.3.2}{Sampel Penelitian}{section.3.3}% 29
\BOOKMARK [1][-]{section.3.4}{Instrumen Penelitian}{chapter.3}% 30
\BOOKMARK [2][-]{subsection.3.4.1}{Proses Pengembangan Instrumen}{section.3.4}% 31
\BOOKMARK [2][-]{subsection.3.4.2}{Uji Validitas Instrumen}{section.3.4}% 32
\BOOKMARK [2][-]{subsection.3.4.3}{Uji Reliabilitas Instrumen}{section.3.4}% 33
\BOOKMARK [1][-]{section.3.5}{Prosedur Penelitian}{chapter.3}% 34
\BOOKMARK [2][-]{subsection.3.5.1}{Perancangan Sistem}{section.3.5}% 35
\BOOKMARK [1][-]{section.3.6}{Analisis Data}{chapter.3}% 36
\BOOKMARK [2][-]{subsection.3.6.1}{Prosedur Pengolahan Data}{section.3.6}% 37
\BOOKMARK [2][-]{subsection.3.6.2}{Teknik Analisis Data}{section.3.6}% 38
\BOOKMARK [2][-]{subsection.3.6.3}{Membuat klasifikasi data}{section.3.6}% 39
\BOOKMARK [0][-]{chapter.4}{Hasil Penelitian}{}% 40
\BOOKMARK [1][-]{section.4.1}{Deskripsi Hasil Penelitian}{chapter.4}% 41
\BOOKMARK [1][-]{section.4.2}{Hasil Training Data Neural Network}{chapter.4}% 42
\BOOKMARK [2][-]{subsection.4.2.1}{Model CNN}{section.4.2}% 43
\BOOKMARK [2][-]{subsection.4.2.2}{Model LSTM}{section.4.2}% 44
\BOOKMARK [2][-]{subsection.4.2.3}{Hasil Training Data LSTM}{section.4.2}% 45
\BOOKMARK [2][-]{subsection.4.2.4}{Perbandingan Metode LSTM}{section.4.2}% 46
\BOOKMARK [2][-]{subsection.4.2.5}{Hasil Training Data CNN}{section.4.2}% 47
\BOOKMARK [2][-]{subsection.4.2.6}{Data Hasil Detection Rate}{section.4.2}% 48
\BOOKMARK [0][-]{chapter.5}{Penutup}{}% 49
\BOOKMARK [1][-]{section.5.1}{Kesimpulan}{chapter.5}% 50
\BOOKMARK [1][-]{section.5.2}{Saran}{chapter.5}% 51
